
Log Entry : 16:04:48 30 aprile 2018 - doChat: Server Started
---------------------------------------------------------------------------------------------

Log Entry : 16:26:20 30 aprile 2018 - doChat: Client No: 1 started!
---------------------------------------------------------------------------------------------

Log Entry : 16:26:20 30 aprile 2018 - doChat: Client Address Ip is: 192.168.1.6:42906
---------------------------------------------------------------------------------------------

Log Entry : 16:26:20 30 aprile 2018 - doChat:  - dataFromClient: 2523.
---------------------------------------------------------------------------------------------

Log Entry : 16:26:20 30 aprile 2018 - doChat: dataToClient: Indice oltre i limiti della matrice.
---------------------------------------------------------------------------------------------

Log Entry : 16:26:20 30 aprile 2018 - doChat: Server Started
---------------------------------------------------------------------------------------------

Log Entry : 16:27:12 30 aprile 2018 - doChat: Client No: 2 started!
---------------------------------------------------------------------------------------------

Log Entry : 16:27:12 30 aprile 2018 - doChat: Client Address Ip is: 192.168.1.6:42924
---------------------------------------------------------------------------------------------

Log Entry : 16:27:12 30 aprile 2018 - doChat:  - dataFromClient: FFFF1288;2532.24
---------------------------------------------------------------------------------------------

Log Entry : 16:32:38 30 aprile 2018 - doChat: dataToClient: 190,34001
---------------------------------------------------------------------------------------------

Log Entry : 16:32:38 30 aprile 2018 - doChat: Server Started
---------------------------------------------------------------------------------------------

Log Entry : 16:32:52 30 aprile 2018 - doChat: Client No: 3 started!
---------------------------------------------------------------------------------------------

Log Entry : 16:32:52 30 aprile 2018 - doChat: Client Address Ip is: 192.168.1.6:43054
---------------------------------------------------------------------------------------------

Log Entry : 16:32:52 30 aprile 2018 - doChat:  - dataFromClient: FF;523
---------------------------------------------------------------------------------------------

Log Entry : 16:32:52 30 aprile 2018 - doChat: dataToClient: risposta
---------------------------------------------------------------------------------------------

Log Entry : 16:32:52 30 aprile 2018 - doChat: Server Started
---------------------------------------------------------------------------------------------

Log Entry : 16:33:03 30 aprile 2018 - doChat: Client No: 4 started!
---------------------------------------------------------------------------------------------

Log Entry : 16:33:03 30 aprile 2018 - doChat: Client Address Ip is: 192.168.1.6:43058
---------------------------------------------------------------------------------------------

Log Entry : 16:33:03 30 aprile 2018 - doChat:  - dataFromClient: F523
---------------------------------------------------------------------------------------------

Log Entry : 16:33:03 30 aprile 2018 - doChat: dataToClient: risposta
---------------------------------------------------------------------------------------------

Log Entry : 16:33:03 30 aprile 2018 - doChat: Server Started
---------------------------------------------------------------------------------------------

Log Entry : 16:33:19 30 aprile 2018 - doChat: Client No: 5 started!
---------------------------------------------------------------------------------------------

Log Entry : 16:33:19 30 aprile 2018 - doChat: Client Address Ip is: 192.168.1.6:43064
---------------------------------------------------------------------------------------------

Log Entry : 16:33:19 30 aprile 2018 - doChat:  - dataFromClient: 19233
---------------------------------------------------------------------------------------------

Log Entry : 16:33:19 30 aprile 2018 - doChat: dataToClient: risposta
---------------------------------------------------------------------------------------------

Log Entry : 16:33:19 30 aprile 2018 - doChat: Server Started
---------------------------------------------------------------------------------------------

Log Entry : 16:33:29 30 aprile 2018 - doChat: Client No: 6 started!
---------------------------------------------------------------------------------------------

Log Entry : 16:33:29 30 aprile 2018 - doChat: Client Address Ip is: 192.168.1.6:43068
---------------------------------------------------------------------------------------------

Log Entry : 16:33:29 30 aprile 2018 - doChat:  - dataFromClient: 18;53
---------------------------------------------------------------------------------------------

Log Entry : 16:33:29 30 aprile 2018 - doChat: dataToClient: risposta
---------------------------------------------------------------------------------------------

Log Entry : 16:33:29 30 aprile 2018 - doChat: Server Started
---------------------------------------------------------------------------------------------

Log Entry : 16:34:00 30 aprile 2018 - doChat: Client No: 7 started!
---------------------------------------------------------------------------------------------

Log Entry : 16:34:00 30 aprile 2018 - doChat: Client Address Ip is: 192.168.1.6:43076
---------------------------------------------------------------------------------------------

Log Entry : 16:34:00 30 aprile 2018 - doChat:  - dataFromClient: 
---------------------------------------------------------------------------------------------

Log Entry : 16:36:04 30 aprile 2018 - doChat: dataToClient: 234,05
---------------------------------------------------------------------------------------------

Log Entry : 16:36:04 30 aprile 2018 - doChat: Server Started
---------------------------------------------------------------------------------------------

Log Entry : 16:36:21 30 aprile 2018 - doChat: Client No: 8 started!
---------------------------------------------------------------------------------------------

Log Entry : 16:36:21 30 aprile 2018 - doChat: Client Address Ip is: 192.168.1.6:43122
---------------------------------------------------------------------------------------------

Log Entry : 16:36:21 30 aprile 2018 - doChat:  - dataFromClient: F1282;2532.43
---------------------------------------------------------------------------------------------

Log Entry : 16:36:43 30 aprile 2018 - doChat: dataToClient: 2532,43
---------------------------------------------------------------------------------------------

Log Entry : 16:36:43 30 aprile 2018 - doChat: Server Started
---------------------------------------------------------------------------------------------
