
Log Entry : 21:28:42 5 aprile 2018 - doChat: Server Started
---------------------------------------------------------------------------------------------

Log Entry : 21:28:46 5 aprile 2018 - doChat: Client No: 1 started!
---------------------------------------------------------------------------------------------

Log Entry : 21:28:46 5 aprile 2018 - doChat: Client Address Ip is: 192.168.1.53:40972
---------------------------------------------------------------------------------------------

Log Entry : 21:28:46 5 aprile 2018 - doChat:  - dataFromClient: 721;14297
---------------------------------------------------------------------------------------------

Log Entry : 21:28:46 5 aprile 2018 - doChat: dataToClient: 14297
---------------------------------------------------------------------------------------------

Log Entry : 21:28:46 5 aprile 2018 - doChat: Server Started
---------------------------------------------------------------------------------------------

Log Entry : 21:28:59 5 aprile 2018 - doChat: Client No: 2 started!
---------------------------------------------------------------------------------------------

Log Entry : 21:28:59 5 aprile 2018 - doChat: Client Address Ip is: 192.168.1.53:40970
---------------------------------------------------------------------------------------------

Log Entry : 21:28:59 5 aprile 2018 - doChat:  - dataFromClient: 707;14297
---------------------------------------------------------------------------------------------

Log Entry : 21:29:26 5 aprile 2018 - doChat: dataToClient: 14297
---------------------------------------------------------------------------------------------

Log Entry : 21:29:26 5 aprile 2018 - doChat: Server Started
---------------------------------------------------------------------------------------------

Log Entry : 21:29:27 5 aprile 2018 - doChat: Client No: 3 started!
---------------------------------------------------------------------------------------------

Log Entry : 21:29:27 5 aprile 2018 - doChat: Client Address Ip is: 192.168.1.53:40988
---------------------------------------------------------------------------------------------

Log Entry : 21:29:27 5 aprile 2018 - doChat:  - dataFromClient: 720;14297
---------------------------------------------------------------------------------------------

Log Entry : 21:29:29 5 aprile 2018 - doChat: dataToClient: 14297
---------------------------------------------------------------------------------------------

Log Entry : 21:29:29 5 aprile 2018 - doChat: Server Started
---------------------------------------------------------------------------------------------

Log Entry : 21:29:32 5 aprile 2018 - doChat: Client No: 4 started!
---------------------------------------------------------------------------------------------

Log Entry : 21:29:32 5 aprile 2018 - doChat: Client Address Ip is: 192.168.1.53:40990
---------------------------------------------------------------------------------------------

Log Entry : 21:29:32 5 aprile 2018 - doChat:  - dataFromClient: 701;14297
---------------------------------------------------------------------------------------------

Log Entry : 21:29:32 5 aprile 2018 - doChat: dataToClient: 14297
---------------------------------------------------------------------------------------------

Log Entry : 21:29:32 5 aprile 2018 - doChat: Server Started
---------------------------------------------------------------------------------------------

Log Entry : 21:29:37 5 aprile 2018 - doChat: Client No: 5 started!
---------------------------------------------------------------------------------------------

Log Entry : 21:29:37 5 aprile 2018 - doChat: Client Address Ip is: 192.168.1.53:40992
---------------------------------------------------------------------------------------------

Log Entry : 21:29:37 5 aprile 2018 - doChat:  - dataFromClient: 702;14297
---------------------------------------------------------------------------------------------

Log Entry : 21:29:37 5 aprile 2018 - doChat: dataToClient: 14297
---------------------------------------------------------------------------------------------

Log Entry : 21:29:37 5 aprile 2018 - doChat: Server Started
---------------------------------------------------------------------------------------------

Log Entry : 21:29:43 5 aprile 2018 - doChat: Client No: 6 started!
---------------------------------------------------------------------------------------------

Log Entry : 21:29:43 5 aprile 2018 - doChat: Client Address Ip is: 192.168.1.53:40994
---------------------------------------------------------------------------------------------

Log Entry : 21:29:43 5 aprile 2018 - doChat:  - dataFromClient: 697;14297
---------------------------------------------------------------------------------------------

Log Entry : 21:29:43 5 aprile 2018 - doChat: dataToClient: 14297
---------------------------------------------------------------------------------------------

Log Entry : 21:29:43 5 aprile 2018 - doChat: Server Started
---------------------------------------------------------------------------------------------

Log Entry : 21:29:48 5 aprile 2018 - doChat: Client No: 7 started!
---------------------------------------------------------------------------------------------

Log Entry : 21:29:48 5 aprile 2018 - doChat: Client Address Ip is: 192.168.1.53:40996
---------------------------------------------------------------------------------------------

Log Entry : 21:29:48 5 aprile 2018 - doChat:  - dataFromClient: 700;14297
---------------------------------------------------------------------------------------------

Log Entry : 21:29:48 5 aprile 2018 - doChat: dataToClient: 14297
---------------------------------------------------------------------------------------------

Log Entry : 21:29:48 5 aprile 2018 - doChat: Server Started
---------------------------------------------------------------------------------------------

Log Entry : 21:29:53 5 aprile 2018 - doChat: Client No: 8 started!
---------------------------------------------------------------------------------------------

Log Entry : 21:29:53 5 aprile 2018 - doChat: Client Address Ip is: 192.168.1.53:40998
---------------------------------------------------------------------------------------------

Log Entry : 21:29:53 5 aprile 2018 - doChat:  - dataFromClient: 707;14297
---------------------------------------------------------------------------------------------

Log Entry : 21:29:53 5 aprile 2018 - doChat: dataToClient: 14297
---------------------------------------------------------------------------------------------

Log Entry : 21:29:53 5 aprile 2018 - doChat: Server Started
---------------------------------------------------------------------------------------------
